{
"/Users/silvestre/Projects/rollup-starter-project/lib/utils.js":{"path":"/Users/silvestre/Projects/rollup-starter-project/lib/utils.js","s":{"1":1,"2":15},"b":{},"f":{"1":15},"fnMap":{"1":{"name":"add","line":4,"loc":{"start":{"line":4,"column":7},"end":{"line":4,"column":26}}}},"statementMap":{"1":{"start":{"line":4,"column":7},"end":{"line":6,"column":1}},"2":{"start":{"line":5,"column":2},"end":{"line":5,"column":15}}},"branchMap":{},"l":{"4":1,"5":15}},
"/Users/silvestre/Projects/rollup-starter-project/lib/index.js":{"path":"/Users/silvestre/Projects/rollup-starter-project/lib/index.js","s":{"1":1,"2":13,"3":13,"4":2,"5":11,"6":1,"7":10,"8":1,"9":9,"10":1,"11":8,"12":1,"13":7,"14":1,"15":6,"16":6,"17":15,"18":6},"b":{"1":[11,2],"2":[13,2],"3":[2,11],"4":[13,12],"5":[1,10],"6":[1,9],"7":[1,8],"8":[9,2],"9":[1,7],"10":[1,6],"11":[2,4]},"f":{"1":13},"fnMap":{"1":{"name":"multiply","line":19,"loc":{"start":{"line":19,"column":7},"end":{"line":19,"column":31}}}},"statementMap":{"1":{"start":{"line":19,"column":7},"end":{"line":41,"column":1}},"2":{"start":{"line":20,"column":2},"end":{"line":20,"column":92}},"3":{"start":{"line":22,"column":2},"end":{"line":34,"column":3}},"4":{"start":{"line":23,"column":4},"end":{"line":23,"column":13}},"5":{"start":{"line":24,"column":9},"end":{"line":34,"column":3}},"6":{"start":{"line":25,"column":4},"end":{"line":25,"column":13}},"7":{"start":{"line":26,"column":9},"end":{"line":34,"column":3}},"8":{"start":{"line":27,"column":4},"end":{"line":27,"column":13}},"9":{"start":{"line":28,"column":9},"end":{"line":34,"column":3}},"10":{"start":{"line":29,"column":4},"end":{"line":29,"column":28}},"11":{"start":{"line":30,"column":9},"end":{"line":34,"column":3}},"12":{"start":{"line":31,"column":4},"end":{"line":31,"column":38}},"13":{"start":{"line":32,"column":9},"end":{"line":34,"column":3}},"14":{"start":{"line":33,"column":4},"end":{"line":33,"column":38}},"15":{"start":{"line":36,"column":2},"end":{"line":36,"column":17}},"16":{"start":{"line":37,"column":2},"end":{"line":39,"column":3}},"17":{"start":{"line":38,"column":4},"end":{"line":38,"column":28}},"18":{"start":{"line":40,"column":2},"end":{"line":40,"column":37}}},"branchMap":{"1":{"line":20,"type":"cond-expr","locations":[{"start":{"line":20,"column":71},"end":{"line":20,"column":76}},{"start":{"line":20,"column":79},"end":{"line":20,"column":91}}]},"2":{"line":20,"type":"binary-expr","locations":[{"start":{"line":20,"column":17},"end":{"line":20,"column":38}},{"start":{"line":20,"column":42},"end":{"line":20,"column":68}}]},"3":{"line":22,"type":"if","locations":[{"start":{"line":22,"column":2},"end":{"line":22,"column":2}},{"start":{"line":22,"column":2},"end":{"line":22,"column":2}}]},"4":{"line":22,"type":"binary-expr","locations":[{"start":{"line":22,"column":6},"end":{"line":22,"column":13}},{"start":{"line":22,"column":17},"end":{"line":22,"column":24}}]},"5":{"line":24,"type":"if","locations":[{"start":{"line":24,"column":9},"end":{"line":24,"column":9}},{"start":{"line":24,"column":9},"end":{"line":24,"column":9}}]},"6":{"line":26,"type":"if","locations":[{"start":{"line":26,"column":9},"end":{"line":26,"column":9}},{"start":{"line":26,"column":9},"end":{"line":26,"column":9}}]},"7":{"line":28,"type":"if","locations":[{"start":{"line":28,"column":9},"end":{"line":28,"column":9}},{"start":{"line":28,"column":9},"end":{"line":28,"column":9}}]},"8":{"line":28,"type":"binary-expr","locations":[{"start":{"line":28,"column":13},"end":{"line":28,"column":18}},{"start":{"line":28,"column":22},"end":{"line":28,"column":27}}]},"9":{"line":30,"type":"if","locations":[{"start":{"line":30,"column":9},"end":{"line":30,"column":9}},{"start":{"line":30,"column":9},"end":{"line":30,"column":9}}]},"10":{"line":32,"type":"if","locations":[{"start":{"line":32,"column":9},"end":{"line":32,"column":9}},{"start":{"line":32,"column":9},"end":{"line":32,"column":9}}]},"11":{"line":40,"type":"cond-expr","locations":[{"start":{"line":40,"column":20},"end":{"line":40,"column":27}},{"start":{"line":40,"column":30},"end":{"line":40,"column":36}}]}},"l":{"19":1,"20":13,"22":13,"23":2,"24":11,"25":1,"26":10,"27":1,"28":9,"29":1,"30":8,"31":1,"32":7,"33":1,"36":6,"37":6,"38":15,"40":6}}}
