TN:
SF:/Users/silvestre/Projects/rollup-starter-project/lib/utils.js
FN:4,add
FNF:1
FNH:1
FNDA:15,add
DA:4,1
DA:5,15
LF:2
LH:2
BRF:0
BRH:0
end_of_record
TN:
SF:/Users/silvestre/Projects/rollup-starter-project/lib/index.js
FN:19,multiply
FNF:1
FNH:1
FNDA:13,multiply
DA:19,1
DA:20,13
DA:22,13
DA:23,2
DA:24,11
DA:25,1
DA:26,10
DA:27,1
DA:28,9
DA:29,1
DA:30,8
DA:31,1
DA:32,7
DA:33,1
DA:36,6
DA:37,6
DA:38,15
DA:40,6
LF:18
LH:18
BRDA:20,1,0,11
BRDA:20,1,1,2
BRDA:20,2,0,13
BRDA:20,2,1,2
BRDA:22,3,0,2
BRDA:22,3,1,11
BRDA:22,4,0,13
BRDA:22,4,1,12
BRDA:24,5,0,1
BRDA:24,5,1,10
BRDA:26,6,0,1
BRDA:26,6,1,9
BRDA:28,7,0,1
BRDA:28,7,1,8
BRDA:28,8,0,9
BRDA:28,8,1,2
BRDA:30,9,0,1
BRDA:30,9,1,7
BRDA:32,10,0,1
BRDA:32,10,1,6
BRDA:40,11,0,2
BRDA:40,11,1,4
BRF:22
BRH:22
end_of_record
